<?xml version="1.0" encoding="UTF-8" ?>
<testsuite failures="0" time="3.477" errors="0" skipped="0" tests="5" name="org.softlang.gremlinWrapper.test.WrapperTest">
  <properties>
    <property name="java.runtime.name" value="Java(TM) SE Runtime Environment"/>
    <property name="sun.boot.library.path" value="/System/Library/Java/JavaVirtualMachines/1.6.0.jdk/Contents/Libraries"/>
    <property name="java.vm.version" value="20.10-b01-428"/>
    <property name="awt.nativeDoubleBuffering" value="true"/>
    <property name="gopherProxySet" value="false"/>
    <property name="mrj.build" value="11M3811"/>
    <property name="java.vm.vendor" value="Apple Inc."/>
    <property name="java.vendor.url" value="http://www.apple.com/"/>
    <property name="path.separator" value=":"/>
    <property name="java.vm.name" value="Java HotSpot(TM) 64-Bit Server VM"/>
    <property name="file.encoding.pkg" value="sun.io"/>
    <property name="user.country" value="US"/>
    <property name="sun.java.launcher" value="SUN_STANDARD"/>
    <property name="sun.os.patch.level" value="unknown"/>
    <property name="java.vm.specification.name" value="Java Virtual Machine Specification"/>
    <property name="user.dir" value="/Users/tschmorleiz/Documents/101rdfEndpoint/101Gremlin"/>
    <property name="java.runtime.version" value="1.6.0_35-b10-428-11M3811"/>
    <property name="java.awt.graphicsenv" value="apple.awt.CGraphicsEnvironment"/>
    <property name="basedir" value="/Users/tschmorleiz/Documents/101rdfEndpoint/101Gremlin"/>
    <property name="java.endorsed.dirs" value="/System/Library/Java/JavaVirtualMachines/1.6.0.jdk/Contents/Home/lib/endorsed"/>
    <property name="os.arch" value="x86_64"/>
    <property name="surefire.real.class.path" value="/Users/tschmorleiz/Documents/101rdfEndpoint/101Gremlin/target/surefire/surefirebooter1525711347788004499.jar"/>
    <property name="java.io.tmpdir" value="/var/folders/s4/gwhrtqtj2kn3qp78c3jry9pr0000gn/T/"/>
    <property name="line.separator" value="
"/>
    <property name="java.vm.specification.vendor" value="Sun Microsystems Inc."/>
    <property name="os.name" value="Mac OS X"/>
    <property name="sun.jnu.encoding" value="MacRoman"/>
    <property name="java.library.path" value=".:/Users/tschmorleiz/Library/Java/Extensions:/Library/Java/Extensions:/System/Library/Java/Extensions:/usr/lib/java"/>
    <property name="surefire.test.class.path" value="/Users/tschmorleiz/Documents/101rdfEndpoint/101Gremlin/target/test-classes:/Users/tschmorleiz/Documents/101rdfEndpoint/101Gremlin/target/classes:/Users/tschmorleiz/.m2/repository/junit/junit/4.8.1/junit-4.8.1.jar:/Users/tschmorleiz/.m2/repository/com/tinkerpop/gremlin/gremlin-groovy/2.1.0/gremlin-groovy-2.1.0.jar:/Users/tschmorleiz/.m2/repository/com/tinkerpop/gremlin/gremlin-java/2.1.0/gremlin-java-2.1.0.jar:/Users/tschmorleiz/.m2/repository/com/tinkerpop/blueprints/blueprints-graph-jung/2.1.0/blueprints-graph-jung-2.1.0.jar:/Users/tschmorleiz/.m2/repository/net/sf/jung/jung-api/2.0.1/jung-api-2.0.1.jar:/Users/tschmorleiz/.m2/repository/net/sourceforge/collections/collections-generic/4.01/collections-generic-4.01.jar:/Users/tschmorleiz/.m2/repository/net/sf/jung/jung-algorithms/2.0.1/jung-algorithms-2.0.1.jar:/Users/tschmorleiz/.m2/repository/net/sf/jung/jung-visualization/2.0.1/jung-visualization-2.0.1.jar:/Users/tschmorleiz/.m2/repository/com/tinkerpop/blueprints/blueprints-graph-sail/2.1.0/blueprints-graph-sail-2.1.0.jar:/Users/tschmorleiz/.m2/repository/org/openrdf/sesame/sesame-sail-inferencer/2.6.4/sesame-sail-inferencer-2.6.4.jar:/Users/tschmorleiz/.m2/repository/org/openrdf/sesame/sesame-queryparser-serql/2.6.4/sesame-queryparser-serql-2.6.4.jar:/Users/tschmorleiz/.m2/repository/org/openrdf/sesame/sesame-queryalgebra-evaluation/2.6.4/sesame-queryalgebra-evaluation-2.6.4.jar:/Users/tschmorleiz/.m2/repository/org/openrdf/sesame/sesame-repository-sparql/2.6.4/sesame-repository-sparql-2.6.4.jar:/Users/tschmorleiz/.m2/repository/org/openrdf/sesame/sesame-http-client/2.6.4/sesame-http-client-2.6.4.jar:/Users/tschmorleiz/.m2/repository/org/openrdf/sesame/sesame-http-protocol/2.6.4/sesame-http-protocol-2.6.4.jar:/Users/tschmorleiz/.m2/repository/org/openrdf/sesame/sesame-queryresultio-api/2.6.4/sesame-queryresultio-api-2.6.4.jar:/Users/tschmorleiz/.m2/repository/org/openrdf/sesame/sesame-queryresultio-sparqlxml/2.6.4/sesame-queryresultio-sparqlxml-2.6.4.jar:/Users/tschmorleiz/.m2/repository/com/tinkerpop/pipes/2.1.0/pipes-2.1.0.jar:/Users/tschmorleiz/.m2/repository/org/codehaus/groovy/groovy/1.8.6/groovy-1.8.6.jar:/Users/tschmorleiz/.m2/repository/antlr/antlr/2.7.7/antlr-2.7.7.jar:/Users/tschmorleiz/.m2/repository/asm/asm/3.2/asm-3.2.jar:/Users/tschmorleiz/.m2/repository/asm/asm-commons/3.2/asm-commons-3.2.jar:/Users/tschmorleiz/.m2/repository/asm/asm-util/3.2/asm-util-3.2.jar:/Users/tschmorleiz/.m2/repository/asm/asm-analysis/3.2/asm-analysis-3.2.jar:/Users/tschmorleiz/.m2/repository/asm/asm-tree/3.2/asm-tree-3.2.jar:/Users/tschmorleiz/.m2/repository/org/fusesource/jansi/jansi/1.5/jansi-1.5.jar:/Users/tschmorleiz/.m2/repository/jline/jline/0.9.94/jline-0.9.94.jar:/Users/tschmorleiz/.m2/repository/com/tinkerpop/blueprints/blueprints-sail-graph/2.1.0/blueprints-sail-graph-2.1.0.jar:/Users/tschmorleiz/.m2/repository/com/tinkerpop/blueprints/blueprints-core/2.1.0/blueprints-core-2.1.0.jar:/Users/tschmorleiz/.m2/repository/org/codehaus/jettison/jettison/1.3/jettison-1.3.jar:/Users/tschmorleiz/.m2/repository/stax/stax-api/1.0.1/stax-api-1.0.1.jar:/Users/tschmorleiz/.m2/repository/org/codehaus/jackson/jackson-core-asl/1.8.5/jackson-core-asl-1.8.5.jar:/Users/tschmorleiz/.m2/repository/org/codehaus/jackson/jackson-mapper-asl/1.8.5/jackson-mapper-asl-1.8.5.jar:/Users/tschmorleiz/.m2/repository/colt/colt/1.2.0/colt-1.2.0.jar:/Users/tschmorleiz/.m2/repository/concurrent/concurrent/1.3.4/concurrent-1.3.4.jar:/Users/tschmorleiz/.m2/repository/org/openrdf/sesame/sesame-sail-api/2.6.4/sesame-sail-api-2.6.4.jar:/Users/tschmorleiz/.m2/repository/org/openrdf/sesame/sesame-query/2.6.4/sesame-query-2.6.4.jar:/Users/tschmorleiz/.m2/repository/org/openrdf/sesame/sesame-queryalgebra-model/2.6.4/sesame-queryalgebra-model-2.6.4.jar:/Users/tschmorleiz/.m2/repository/org/openrdf/sesame/sesame-model/2.6.4/sesame-model-2.6.4.jar:/Users/tschmorleiz/.m2/repository/org/openrdf/sesame/sesame-util/2.6.4/sesame-util-2.6.4.jar:/Users/tschmorleiz/.m2/repository/org/slf4j/slf4j-api/1.6.1/slf4j-api-1.6.1.jar:/Users/tschmorleiz/.m2/repository/org/openrdf/sesame/sesame-queryparser-sparql/2.6.4/sesame-queryparser-sparql-2.6.4.jar:/Users/tschmorleiz/.m2/repository/org/openrdf/sesame/sesame-queryparser-api/2.6.4/sesame-queryparser-api-2.6.4.jar:/Users/tschmorleiz/.m2/repository/org/openrdf/sesame/sesame-sail-memory/2.6.4/sesame-sail-memory-2.6.4.jar:/Users/tschmorleiz/.m2/repository/org/openrdf/sesame/sesame-sail-nativerdf/2.6.4/sesame-sail-nativerdf-2.6.4.jar:/Users/tschmorleiz/.m2/repository/net/fortytwo/linked-data-sail/0.7/linked-data-sail-0.7.jar:/Users/tschmorleiz/.m2/repository/net/fortytwo/ripple/ripple-rdf/0.7/ripple-rdf-0.7.jar:/Users/tschmorleiz/.m2/repository/net/fortytwo/ripple/ripple-base/0.7/ripple-base-0.7.jar:/Users/tschmorleiz/.m2/repository/log4j/log4j/1.2.14/log4j-1.2.14.jar:/Users/tschmorleiz/.m2/repository/org/slf4j/slf4j-log4j12/1.6.1/slf4j-log4j12-1.6.1.jar:/Users/tschmorleiz/.m2/repository/net/fortytwo/rdfflow/0.7/rdfflow-0.7.jar:/Users/tschmorleiz/.m2/repository/net/fortytwo/flow/0.7/flow-0.7.jar:/Users/tschmorleiz/.m2/repository/org/openrdf/sesame/sesame-rio-n3/2.4.2/sesame-rio-n3-2.4.2.jar:/Users/tschmorleiz/.m2/repository/org/openrdf/sesame/sesame-rio-rdfxml/2.4.2/sesame-rio-rdfxml-2.4.2.jar:/Users/tschmorleiz/.m2/repository/info/aduna/commons/aduna-commons-net/2.7.0/aduna-commons-net-2.7.0.jar:/Users/tschmorleiz/.m2/repository/info/aduna/commons/aduna-commons-xml/2.7.0/aduna-commons-xml-2.7.0.jar:/Users/tschmorleiz/.m2/repository/org/openrdf/sesame/sesame-rio-trig/2.4.2/sesame-rio-trig-2.4.2.jar:/Users/tschmorleiz/.m2/repository/info/aduna/commons/aduna-commons-io/2.10.0/aduna-commons-io-2.10.0.jar:/Users/tschmorleiz/.m2/repository/org/openrdf/sesame/sesame-rio-trix/2.4.2/sesame-rio-trix-2.4.2.jar:/Users/tschmorleiz/.m2/repository/org/openrdf/sesame/sesame-rio-turtle/2.4.2/sesame-rio-turtle-2.4.2.jar:/Users/tschmorleiz/.m2/repository/info/aduna/commons/aduna-commons-text/2.7.0/aduna-commons-text-2.7.0.jar:/Users/tschmorleiz/.m2/repository/commons-httpclient/commons-httpclient/3.1/commons-httpclient-3.1.jar:/Users/tschmorleiz/.m2/repository/commons-logging/commons-logging/1.0.4/commons-logging-1.0.4.jar:/Users/tschmorleiz/.m2/repository/commons-codec/commons-codec/1.2/commons-codec-1.2.jar:/Users/tschmorleiz/.m2/repository/org/restlet/org.restlet/1.0.5/org.restlet-1.0.5.jar:/Users/tschmorleiz/.m2/repository/net/fortytwo/sesametools/nquads/1.6/nquads-1.6.jar:/Users/tschmorleiz/.m2/repository/org/openrdf/sesame/sesame-rio-ntriples/2.6.3/sesame-rio-ntriples-2.6.3.jar:/Users/tschmorleiz/.m2/repository/com/google/code/gson/gson/1.7.1/gson-1.7.1.jar:/Users/tschmorleiz/.m2/repository/net/fortytwo/sesametools/reposail/1.6/reposail-1.6.jar:/Users/tschmorleiz/.m2/repository/net/fortytwo/sesametools/common/1.6/common-1.6.jar:/Users/tschmorleiz/.m2/repository/org/openrdf/sesame/sesame-repository-api/2.6.3/sesame-repository-api-2.6.3.jar:/Users/tschmorleiz/.m2/repository/org/openrdf/sesame/sesame-rio-api/2.6.3/sesame-rio-api-2.6.3.jar:/Users/tschmorleiz/.m2/repository/org/openrdf/sesame/1.2.5/sesame-1.2.5.jar:/Users/tschmorleiz/.m2/repository/org/openrdf/openrdf-model/1.2.5/openrdf-model-1.2.5.jar:/Users/tschmorleiz/.m2/repository/org/openrdf/openrdf-util/1.2.5/openrdf-util-1.2.5.jar:/Users/tschmorleiz/.m2/repository/commons-fileupload/commons-fileupload/1.1/commons-fileupload-1.1.jar:/Users/tschmorleiz/.m2/repository/commons-io/commons-io/1.1/commons-io-1.1.jar:/Users/tschmorleiz/.m2/repository/org/openrdf/rio/1.0.8/rio-1.0.8.jar:/Users/tschmorleiz/.m2/repository/soap/soap/2.3.1/soap-2.3.1.jar:/Users/tschmorleiz/.m2/repository/org/openrdf/openrdf-sesame-onejar-osgi/2.1.1/openrdf-sesame-onejar-osgi-2.1.1.jar:"/>
    <property name="java.specification.name" value="Java Platform API Specification"/>
    <property name="java.class.version" value="50.0"/>
    <property name="sun.management.compiler" value="HotSpot 64-Bit Tiered Compilers"/>
    <property name="os.version" value="10.8.1"/>
    <property name="http.nonProxyHosts" value="local|*.local|169.254/16|*.169.254/16"/>
    <property name="user.home" value="/Users/tschmorleiz"/>
    <property name="user.timezone" value="Europe/Berlin"/>
    <property name="java.awt.printerjob" value="apple.awt.CPrinterJob"/>
    <property name="java.specification.version" value="1.6"/>
    <property name="file.encoding" value="MacRoman"/>
    <property name="user.name" value="tschmorleiz"/>
    <property name="java.class.path" value="/Users/tschmorleiz/Documents/101rdfEndpoint/101Gremlin/target/test-classes:/Users/tschmorleiz/Documents/101rdfEndpoint/101Gremlin/target/classes:/Users/tschmorleiz/.m2/repository/junit/junit/4.8.1/junit-4.8.1.jar:/Users/tschmorleiz/.m2/repository/com/tinkerpop/gremlin/gremlin-groovy/2.1.0/gremlin-groovy-2.1.0.jar:/Users/tschmorleiz/.m2/repository/com/tinkerpop/gremlin/gremlin-java/2.1.0/gremlin-java-2.1.0.jar:/Users/tschmorleiz/.m2/repository/com/tinkerpop/blueprints/blueprints-graph-jung/2.1.0/blueprints-graph-jung-2.1.0.jar:/Users/tschmorleiz/.m2/repository/net/sf/jung/jung-api/2.0.1/jung-api-2.0.1.jar:/Users/tschmorleiz/.m2/repository/net/sourceforge/collections/collections-generic/4.01/collections-generic-4.01.jar:/Users/tschmorleiz/.m2/repository/net/sf/jung/jung-algorithms/2.0.1/jung-algorithms-2.0.1.jar:/Users/tschmorleiz/.m2/repository/net/sf/jung/jung-visualization/2.0.1/jung-visualization-2.0.1.jar:/Users/tschmorleiz/.m2/repository/com/tinkerpop/blueprints/blueprints-graph-sail/2.1.0/blueprints-graph-sail-2.1.0.jar:/Users/tschmorleiz/.m2/repository/org/openrdf/sesame/sesame-sail-inferencer/2.6.4/sesame-sail-inferencer-2.6.4.jar:/Users/tschmorleiz/.m2/repository/org/openrdf/sesame/sesame-queryparser-serql/2.6.4/sesame-queryparser-serql-2.6.4.jar:/Users/tschmorleiz/.m2/repository/org/openrdf/sesame/sesame-queryalgebra-evaluation/2.6.4/sesame-queryalgebra-evaluation-2.6.4.jar:/Users/tschmorleiz/.m2/repository/org/openrdf/sesame/sesame-repository-sparql/2.6.4/sesame-repository-sparql-2.6.4.jar:/Users/tschmorleiz/.m2/repository/org/openrdf/sesame/sesame-http-client/2.6.4/sesame-http-client-2.6.4.jar:/Users/tschmorleiz/.m2/repository/org/openrdf/sesame/sesame-http-protocol/2.6.4/sesame-http-protocol-2.6.4.jar:/Users/tschmorleiz/.m2/repository/org/openrdf/sesame/sesame-queryresultio-api/2.6.4/sesame-queryresultio-api-2.6.4.jar:/Users/tschmorleiz/.m2/repository/org/openrdf/sesame/sesame-queryresultio-sparqlxml/2.6.4/sesame-queryresultio-sparqlxml-2.6.4.jar:/Users/tschmorleiz/.m2/repository/com/tinkerpop/pipes/2.1.0/pipes-2.1.0.jar:/Users/tschmorleiz/.m2/repository/org/codehaus/groovy/groovy/1.8.6/groovy-1.8.6.jar:/Users/tschmorleiz/.m2/repository/antlr/antlr/2.7.7/antlr-2.7.7.jar:/Users/tschmorleiz/.m2/repository/asm/asm/3.2/asm-3.2.jar:/Users/tschmorleiz/.m2/repository/asm/asm-commons/3.2/asm-commons-3.2.jar:/Users/tschmorleiz/.m2/repository/asm/asm-util/3.2/asm-util-3.2.jar:/Users/tschmorleiz/.m2/repository/asm/asm-analysis/3.2/asm-analysis-3.2.jar:/Users/tschmorleiz/.m2/repository/asm/asm-tree/3.2/asm-tree-3.2.jar:/Users/tschmorleiz/.m2/repository/org/fusesource/jansi/jansi/1.5/jansi-1.5.jar:/Users/tschmorleiz/.m2/repository/jline/jline/0.9.94/jline-0.9.94.jar:/Users/tschmorleiz/.m2/repository/com/tinkerpop/blueprints/blueprints-sail-graph/2.1.0/blueprints-sail-graph-2.1.0.jar:/Users/tschmorleiz/.m2/repository/com/tinkerpop/blueprints/blueprints-core/2.1.0/blueprints-core-2.1.0.jar:/Users/tschmorleiz/.m2/repository/org/codehaus/jettison/jettison/1.3/jettison-1.3.jar:/Users/tschmorleiz/.m2/repository/stax/stax-api/1.0.1/stax-api-1.0.1.jar:/Users/tschmorleiz/.m2/repository/org/codehaus/jackson/jackson-core-asl/1.8.5/jackson-core-asl-1.8.5.jar:/Users/tschmorleiz/.m2/repository/org/codehaus/jackson/jackson-mapper-asl/1.8.5/jackson-mapper-asl-1.8.5.jar:/Users/tschmorleiz/.m2/repository/colt/colt/1.2.0/colt-1.2.0.jar:/Users/tschmorleiz/.m2/repository/concurrent/concurrent/1.3.4/concurrent-1.3.4.jar:/Users/tschmorleiz/.m2/repository/org/openrdf/sesame/sesame-sail-api/2.6.4/sesame-sail-api-2.6.4.jar:/Users/tschmorleiz/.m2/repository/org/openrdf/sesame/sesame-query/2.6.4/sesame-query-2.6.4.jar:/Users/tschmorleiz/.m2/repository/org/openrdf/sesame/sesame-queryalgebra-model/2.6.4/sesame-queryalgebra-model-2.6.4.jar:/Users/tschmorleiz/.m2/repository/org/openrdf/sesame/sesame-model/2.6.4/sesame-model-2.6.4.jar:/Users/tschmorleiz/.m2/repository/org/openrdf/sesame/sesame-util/2.6.4/sesame-util-2.6.4.jar:/Users/tschmorleiz/.m2/repository/org/slf4j/slf4j-api/1.6.1/slf4j-api-1.6.1.jar:/Users/tschmorleiz/.m2/repository/org/openrdf/sesame/sesame-queryparser-sparql/2.6.4/sesame-queryparser-sparql-2.6.4.jar:/Users/tschmorleiz/.m2/repository/org/openrdf/sesame/sesame-queryparser-api/2.6.4/sesame-queryparser-api-2.6.4.jar:/Users/tschmorleiz/.m2/repository/org/openrdf/sesame/sesame-sail-memory/2.6.4/sesame-sail-memory-2.6.4.jar:/Users/tschmorleiz/.m2/repository/org/openrdf/sesame/sesame-sail-nativerdf/2.6.4/sesame-sail-nativerdf-2.6.4.jar:/Users/tschmorleiz/.m2/repository/net/fortytwo/linked-data-sail/0.7/linked-data-sail-0.7.jar:/Users/tschmorleiz/.m2/repository/net/fortytwo/ripple/ripple-rdf/0.7/ripple-rdf-0.7.jar:/Users/tschmorleiz/.m2/repository/net/fortytwo/ripple/ripple-base/0.7/ripple-base-0.7.jar:/Users/tschmorleiz/.m2/repository/log4j/log4j/1.2.14/log4j-1.2.14.jar:/Users/tschmorleiz/.m2/repository/org/slf4j/slf4j-log4j12/1.6.1/slf4j-log4j12-1.6.1.jar:/Users/tschmorleiz/.m2/repository/net/fortytwo/rdfflow/0.7/rdfflow-0.7.jar:/Users/tschmorleiz/.m2/repository/net/fortytwo/flow/0.7/flow-0.7.jar:/Users/tschmorleiz/.m2/repository/org/openrdf/sesame/sesame-rio-n3/2.4.2/sesame-rio-n3-2.4.2.jar:/Users/tschmorleiz/.m2/repository/org/openrdf/sesame/sesame-rio-rdfxml/2.4.2/sesame-rio-rdfxml-2.4.2.jar:/Users/tschmorleiz/.m2/repository/info/aduna/commons/aduna-commons-net/2.7.0/aduna-commons-net-2.7.0.jar:/Users/tschmorleiz/.m2/repository/info/aduna/commons/aduna-commons-xml/2.7.0/aduna-commons-xml-2.7.0.jar:/Users/tschmorleiz/.m2/repository/org/openrdf/sesame/sesame-rio-trig/2.4.2/sesame-rio-trig-2.4.2.jar:/Users/tschmorleiz/.m2/repository/info/aduna/commons/aduna-commons-io/2.10.0/aduna-commons-io-2.10.0.jar:/Users/tschmorleiz/.m2/repository/org/openrdf/sesame/sesame-rio-trix/2.4.2/sesame-rio-trix-2.4.2.jar:/Users/tschmorleiz/.m2/repository/org/openrdf/sesame/sesame-rio-turtle/2.4.2/sesame-rio-turtle-2.4.2.jar:/Users/tschmorleiz/.m2/repository/info/aduna/commons/aduna-commons-text/2.7.0/aduna-commons-text-2.7.0.jar:/Users/tschmorleiz/.m2/repository/commons-httpclient/commons-httpclient/3.1/commons-httpclient-3.1.jar:/Users/tschmorleiz/.m2/repository/commons-logging/commons-logging/1.0.4/commons-logging-1.0.4.jar:/Users/tschmorleiz/.m2/repository/commons-codec/commons-codec/1.2/commons-codec-1.2.jar:/Users/tschmorleiz/.m2/repository/org/restlet/org.restlet/1.0.5/org.restlet-1.0.5.jar:/Users/tschmorleiz/.m2/repository/net/fortytwo/sesametools/nquads/1.6/nquads-1.6.jar:/Users/tschmorleiz/.m2/repository/org/openrdf/sesame/sesame-rio-ntriples/2.6.3/sesame-rio-ntriples-2.6.3.jar:/Users/tschmorleiz/.m2/repository/com/google/code/gson/gson/1.7.1/gson-1.7.1.jar:/Users/tschmorleiz/.m2/repository/net/fortytwo/sesametools/reposail/1.6/reposail-1.6.jar:/Users/tschmorleiz/.m2/repository/net/fortytwo/sesametools/common/1.6/common-1.6.jar:/Users/tschmorleiz/.m2/repository/org/openrdf/sesame/sesame-repository-api/2.6.3/sesame-repository-api-2.6.3.jar:/Users/tschmorleiz/.m2/repository/org/openrdf/sesame/sesame-rio-api/2.6.3/sesame-rio-api-2.6.3.jar:/Users/tschmorleiz/.m2/repository/org/openrdf/sesame/1.2.5/sesame-1.2.5.jar:/Users/tschmorleiz/.m2/repository/org/openrdf/openrdf-model/1.2.5/openrdf-model-1.2.5.jar:/Users/tschmorleiz/.m2/repository/org/openrdf/openrdf-util/1.2.5/openrdf-util-1.2.5.jar:/Users/tschmorleiz/.m2/repository/commons-fileupload/commons-fileupload/1.1/commons-fileupload-1.1.jar:/Users/tschmorleiz/.m2/repository/commons-io/commons-io/1.1/commons-io-1.1.jar:/Users/tschmorleiz/.m2/repository/org/openrdf/rio/1.0.8/rio-1.0.8.jar:/Users/tschmorleiz/.m2/repository/soap/soap/2.3.1/soap-2.3.1.jar:/Users/tschmorleiz/.m2/repository/org/openrdf/openrdf-sesame-onejar-osgi/2.1.1/openrdf-sesame-onejar-osgi-2.1.1.jar:"/>
    <property name="java.vm.specification.version" value="1.0"/>
    <property name="sun.arch.data.model" value="64"/>
    <property name="java.home" value="/System/Library/Java/JavaVirtualMachines/1.6.0.jdk/Contents/Home"/>
    <property name="sun.java.command" value="/Users/tschmorleiz/Documents/101rdfEndpoint/101Gremlin/target/surefire/surefirebooter1525711347788004499.jar /Users/tschmorleiz/Documents/101rdfEndpoint/101Gremlin/target/surefire/surefire627931487125906276tmp /Users/tschmorleiz/Documents/101rdfEndpoint/101Gremlin/target/surefire/surefire2820257644565921183tmp"/>
    <property name="java.specification.vendor" value="Sun Microsystems Inc."/>
    <property name="user.language" value="en"/>
    <property name="awt.toolkit" value="apple.awt.CToolkit"/>
    <property name="java.vm.info" value="mixed mode"/>
    <property name="java.version" value="1.6.0_35"/>
    <property name="java.ext.dirs" value="/Users/tschmorleiz/Library/Java/Extensions:/Library/Java/Extensions:/System/Library/Java/Extensions:/System/Library/Java/JavaVirtualMachines/1.6.0.jdk/Contents/Home/lib/ext"/>
    <property name="sun.boot.class.path" value="/System/Library/Java/JavaVirtualMachines/1.6.0.jdk/Contents/Classes/jsfd.jar:/System/Library/Java/JavaVirtualMachines/1.6.0.jdk/Contents/Classes/classes.jar:/System/Library/Frameworks/JavaVM.framework/Frameworks/JavaRuntimeSupport.framework/Resources/Java/JavaRuntimeSupport.jar:/System/Library/Java/JavaVirtualMachines/1.6.0.jdk/Contents/Classes/ui.jar:/System/Library/Java/JavaVirtualMachines/1.6.0.jdk/Contents/Classes/laf.jar:/System/Library/Java/JavaVirtualMachines/1.6.0.jdk/Contents/Classes/sunrsasign.jar:/System/Library/Java/JavaVirtualMachines/1.6.0.jdk/Contents/Classes/jsse.jar:/System/Library/Java/JavaVirtualMachines/1.6.0.jdk/Contents/Classes/jce.jar:/System/Library/Java/JavaVirtualMachines/1.6.0.jdk/Contents/Classes/charsets.jar"/>
    <property name="java.vendor" value="Apple Inc."/>
    <property name="localRepository" value="/Users/tschmorleiz/.m2/repository"/>
    <property name="file.separator" value="/"/>
    <property name="java.vendor.url.bug" value="http://bugreport.apple.com/"/>
    <property name="sun.cpu.endian" value="little"/>
    <property name="sun.io.unicode.encoding" value="UnicodeLittle"/>
    <property name="mrj.version" value="1070.1.6.0_35-428"/>
    <property name="socksNonProxyHosts" value="local|*.local|169.254/16|*.169.254/16"/>
    <property name="ftp.nonProxyHosts" value="local|*.local|169.254/16|*.169.254/16"/>
    <property name="sun.cpu.isalist" value=""/>
  </properties>
  <testcase time="2.671" classname="org.softlang.gremlinWrapper.test.WrapperTest" name="testIsResPage1"/>
  <testcase time="0.001" classname="org.softlang.gremlinWrapper.test.WrapperTest" name="testIsResPage2"/>
  <testcase time="0.379" classname="org.softlang.gremlinWrapper.test.WrapperTest" name="testGetVertex"/>
  <testcase time="0.198" classname="org.softlang.gremlinWrapper.test.WrapperTest" name="testExploreIn"/>
  <testcase time="0.128" classname="org.softlang.gremlinWrapper.test.WrapperTest" name="testExploreOut"/>
</testsuite>